<?xml version="1.0" encoding="UTF-8"?>
<!-- Generated by org.testng.reporters.JUnitReportReporter -->
<testsuite skipped="0" hostname="Lab-H-27" name="com.example.objectRepository.Day5" tests="1" failures="0" timestamp="25 Jun 2017 06:12:43 GMT" time="9.022" errors="0">
  <testcase name="testDay5" time="9.022" classname="com.example.objectRepository.Day5"/>
</testsuite> <!-- com.example.objectRepository.Day5 -->
